<?xml version="1.0" encoding="UTF-8"?>
<!-- Generated by org.testng.reporters.JUnitReportReporter -->
<testsuite hostname="DESKTOP-PJE0AGU" failures="0" tests="1" name="pageObjectModel.dwsLogin" time="13.316" errors="0" timestamp="2024-05-27T12:20:00 IST" skipped="0">
  <testcase classname="pageObjectModel.dwsLogin" name="loginpom" time="13.316"/>
  <system-out/>
</testsuite> <!-- pageObjectModel.dwsLogin -->
