<?xml version="1.0" encoding="UTF-8"?>
<!-- Generated by org.testng.reporters.JUnitReportReporter -->
<testsuite hostname="DESKTOP-PJE0AGU" failures="0" tests="1" name="Assertions.AssertSoft" time="9.917" errors="0" timestamp="2024-05-21T11:51:24 IST" skipped="0">
  <testcase classname="Assertions.AssertSoft" name="hardAssert" time="9.917"/>
  <system-out/>
</testsuite> <!-- Assertions.AssertSoft -->
