<?xml version="1.0" encoding="UTF-8"?>
<!-- Generated by org.testng.reporters.JUnitReportReporter -->
<testsuite hostname="DESKTOP-PJE0AGU" failures="0" tests="1" name="Listerner.dwsLogin" time="10.419" errors="0" timestamp="2024-05-27T09:57:19 IST" skipped="0">
  <testcase classname="Listerner.dwsLogin" name="main" time="10.419"/>
  <system-out/>
</testsuite> <!-- Listerner.dwsLogin -->
