<?xml version="1.0" encoding="UTF-8"?>
<!-- Generated by org.testng.reporters.JUnitReportReporter -->
<testsuite hostname="DESKTOP-PJE0AGU" failures="0" tests="1" name="DataDriven.WriteDataToExcel" time="1.980" errors="0" timestamp="2024-05-29T09:26:46 IST" skipped="0">
  <testcase classname="DataDriven.WriteDataToExcel" name="dataToExcel" time="1.980"/>
  <system-out/>
</testsuite> <!-- DataDriven.WriteDataToExcel -->
