<?xml version="1.0" encoding="UTF-8"?>
<!-- Generated by org.testng.reporters.JUnitReportReporter -->
<testsuite hostname="DESKTOP-PJE0AGU" failures="0" tests="3" name="DataDriven.DependsOnMethod" time="35.722" errors="0" timestamp="2024-05-16T12:54:50 IST" skipped="0">
  <testcase classname="DataDriven.DependsOnMethod" name="modifyAccount" time="21.226"/>
  <system-out/>
  <testcase classname="DataDriven.DependsOnMethod" name="deleteAccount" time="5.112"/>
  <system-out/>
  <testcase classname="DataDriven.DependsOnMethod" name="createAccount" time="9.384"/>
  <system-out/>
</testsuite> <!-- DataDriven.DependsOnMethod -->
