<?xml version="1.0" encoding="UTF-8"?>
<!-- Generated by org.testng.reporters.JUnitReportReporter -->
<testsuite hostname="DESKTOP-PJE0AGU" failures="0" tests="1" name="Listerner.test" time="12.040" errors="0" timestamp="2024-05-25T11:11:10 IST" skipped="0">
  <testcase classname="Listerner.test" name="addTocart" time="12.040"/>
  <system-out/>
</testsuite> <!-- Listerner.test -->
