<?xml version="1.0" encoding="UTF-8"?>
<!-- Generated by org.testng.reporters.JUnitReportReporter -->
<testsuite hostname="DESKTOP-PJE0AGU" failures="0" tests="1" name="parameterAnnotation.ShopperStack" time="28.013" errors="0" timestamp="2024-05-20T10:14:50 IST" skipped="0">
  <testcase classname="parameterAnnotation.ShopperStack" name="shopperLogin" time="28.013"/>
  <system-out/>
</testsuite> <!-- parameterAnnotation.ShopperStack -->
