<?xml version="1.0" encoding="UTF-8"?>
<!-- Generated by org.testng.reporters.JUnitReportReporter -->
<testsuite hostname="DESKTOP-PJE0AGU" failures="0" tests="1" name="TestingFashion.Ajio" time="20.077" errors="0" timestamp="2024-05-27T09:17:42 IST" skipped="0">
  <testcase classname="TestingFashion.Ajio" name="ajio" time="20.077"/>
  <system-out/>
</testsuite> <!-- TestingFashion.Ajio -->
