<?xml version="1.0" encoding="UTF-8"?>
<!-- Generated by org.testng.reporters.JUnitReportReporter -->
<testsuite hostname="DESKTOP-PJE0AGU" failures="0" tests="1" name="TestNg.ReadDataFromExcel" time="3.554" errors="0" timestamp="2024-05-13T19:56:59 IST" skipped="0">
  <testcase classname="TestNg.ReadDataFromExcel" name="readData" time="3.554"/>
  <system-out/>
</testsuite> <!-- TestNg.ReadDataFromExcel -->
