<?xml version="1.0" encoding="UTF-8"?>
<!-- Generated by org.testng.reporters.JUnitReportReporter -->
<testsuite hostname="DESKTOP-PJE0AGU" failures="0" tests="1" name="DataDriven.ReadDataFromProperties" time="19.042" errors="0" timestamp="2024-05-15T12:37:09 IST" skipped="0">
  <testcase classname="DataDriven.ReadDataFromProperties" name="readData" time="19.042"/>
  <system-out/>
</testsuite> <!-- DataDriven.ReadDataFromProperties -->
