<?xml version="1.0" encoding="UTF-8"?>
<!-- Generated by org.testng.reporters.JUnitReportReporter -->
<testsuite hostname="DESKTOP-PJE0AGU" failures="0" tests="5" name="DataDriven.HelperMethod" time="131.817" errors="0" timestamp="2024-05-16T12:31:43 IST" skipped="1">
  <testcase classname="DataDriven.HelperMethod" name="MI" time="18.575"/>
  <system-out/>
  <testcase classname="DataDriven.HelperMethod" name="RCB" time="32.686"/>
  <system-out/>
  <testcase classname="DataDriven.HelperMethod" name="RCB" time="77.620"/>
  <system-out/>
  <testcase classname="DataDriven.HelperMethod" name="CSK" time="2.936"/>
  <system-out/>
  <testcase classname="DataDriven.HelperMethod" name="Main">
    <skipped/>
  </testcase> <!-- Main -->
  <system-out/>
</testsuite> <!-- DataDriven.HelperMethod -->
