<?xml version="1.0" encoding="UTF-8"?>
<!-- Generated by org.testng.reporters.JUnitReportReporter -->
<testsuite hostname="DESKTOP-PJE0AGU" failures="0" tests="1" name="TestNg.giftcard" time="8.609" errors="0" timestamp="2024-05-21T10:09:59 IST" skipped="0">
  <testcase classname="TestNg.giftcard" name="gift" time="8.609"/>
  <system-out/>
</testsuite> <!-- TestNg.giftcard -->
