<?xml version="1.0" encoding="UTF-8"?>
<!-- Generated by org.testng.reporters.JUnitReportReporter -->
<testsuite hostname="DESKTOP-PJE0AGU" failures="0" tests="1" name="Listerner.test2" time="13.872" errors="0" timestamp="2024-05-25T12:24:59 IST" skipped="0">
  <testcase classname="Listerner.test2" name="gift" time="13.872"/>
  <system-out/>
</testsuite> <!-- Listerner.test2 -->
