<?xml version="1.0" encoding="UTF-8"?>
<!-- Generated by org.testng.reporters.JUnitReportReporter -->
<testsuite hostname="DESKTOP-PJE0AGU" failures="0" tests="1" name="TestingFashion.Dws" time="26.757" errors="0" timestamp="2024-05-27T09:17:42 IST" skipped="0">
  <testcase classname="TestingFashion.Dws" name="dws" time="26.757"/>
  <system-out/>
</testsuite> <!-- TestingFashion.Dws -->
