<?xml version="1.0" encoding="UTF-8"?>
<!-- Generated by org.testng.reporters.JUnitReportReporter -->
<testsuite hostname="DESKTOP-PJE0AGU" failures="0" tests="2" name="AdvanceBasic.ChronologicalOrder" time="0.036" errors="0" timestamp="2024-05-10T16:19:39 IST" skipped="0">
  <testcase classname="AdvanceBasic.ChronologicalOrder" name="testCase1" time="0.017"/>
  <system-out/>
  <testcase classname="AdvanceBasic.ChronologicalOrder" name="testCase2" time="0.019"/>
  <system-out/>
</testsuite> <!-- AdvanceBasic.ChronologicalOrder -->
