<?xml version="1.0" encoding="UTF-8"?>
<!-- Generated by org.testng.reporters.JUnitReportReporter -->
<testsuite hostname="DESKTOP-PJE0AGU" failures="0" tests="1" name="parameterAnnotation.crossBrowserTesting" time="10.882" errors="0" timestamp="2024-05-20T12:15:01 IST" skipped="0">
  <testcase classname="parameterAnnotation.crossBrowserTesting" name="crossBrowser" time="10.882"/>
  <system-out/>
</testsuite> <!-- parameterAnnotation.crossBrowserTesting -->
