<?xml version="1.0" encoding="UTF-8"?>
<!-- Generated by org.testng.reporters.JUnitReportReporter -->
<testsuite hostname="DESKTOP-PJE0AGU" failures="0" tests="1" name="TestingTravel.MakeMyTrip" time="20.961" errors="0" timestamp="2024-05-27T09:17:41 IST" skipped="0">
  <testcase classname="TestingTravel.MakeMyTrip" name="makeMyTrip" time="20.961"/>
  <system-out/>
</testsuite> <!-- TestingTravel.MakeMyTrip -->
