<?xml version="1.0" encoding="UTF-8"?>
<!-- Generated by org.testng.reporters.JUnitReportReporter -->
<testsuite hostname="DESKTOP-PJE0AGU" failures="0" tests="1" name="Assignment.primeNumber$ReadData1" time="3.506" errors="0" timestamp="2024-05-15T19:42:58 IST" skipped="0">
  <testcase classname="Assignment.primeNumber$ReadData1" name="primeNO" time="3.506"/>
  <system-out/>
</testsuite> <!-- Assignment.primeNumber$ReadData1 -->
