<?xml version="1.0" encoding="UTF-8"?>
<!-- Generated by org.testng.reporters.JUnitReportReporter -->
<testsuite hostname="DESKTOP-PJE0AGU" failures="0" tests="1" name="TestingTravel.Redbus" time="18.499" errors="0" timestamp="2024-05-27T09:17:41 IST" skipped="0">
  <testcase classname="TestingTravel.Redbus" name="redbus" time="18.499"/>
  <system-out/>
</testsuite> <!-- TestingTravel.Redbus -->
