<?xml version="1.0" encoding="UTF-8"?>
<!-- Generated by org.testng.reporters.JUnitReportReporter -->
<testsuite hostname="DESKTOP-PJE0AGU" failures="0" tests="1" name="ExtentReport.sampleReport" time="2.046" errors="0" timestamp="2024-05-30T09:59:49 IST" skipped="0">
  <testcase classname="ExtentReport.sampleReport" name="launchTheReport" time="2.046"/>
  <system-out/>
</testsuite> <!-- ExtentReport.sampleReport -->
