<?xml version="1.0" encoding="UTF-8"?>
<!-- Generated by org.testng.reporters.JUnitReportReporter -->
<testsuite hostname="DESKTOP-PJE0AGU" failures="0" tests="1" name="TestingTravel.Abhibus" time="25.861" errors="0" timestamp="2024-05-27T09:17:42 IST" skipped="0">
  <testcase classname="TestingTravel.Abhibus" name="abhiBus" time="25.861"/>
  <system-out/>
</testsuite> <!-- TestingTravel.Abhibus -->
