<?xml version="1.0" encoding="UTF-8"?>
<!-- Generated by org.testng.reporters.JUnitReportReporter -->
<testsuite hostname="DESKTOP-PJE0AGU" failures="0" tests="1" name="TestNg.ReadData1" time="1.721" errors="0" timestamp="2024-05-14T18:23:01 IST" skipped="0">
  <testcase classname="TestNg.ReadData1" name="data" time="1.721"/>
  <system-out/>
</testsuite> <!-- TestNg.ReadData1 -->
